  main.cpp
C:\Users\horri\source\repos\Project1\Project1\main.cpp(1362,29): warning C4267: 'initializing': conversion from 'size_t' to 'int', possible loss of data
C:\Users\horri\source\repos\Project1\Project1\main.cpp(1377,21): warning C4267: 'initializing': conversion from 'size_t' to 'int', possible loss of data
C:\Users\horri\source\repos\Project1\Project1\main.cpp(1385,21): warning C4267: 'initializing': conversion from 'size_t' to 'int', possible loss of data
C:\Users\horri\source\repos\Project1\Project1\main.cpp(1401,21): warning C4267: 'initializing': conversion from 'size_t' to 'int', possible loss of data
C:\Users\horri\source\repos\Project1\Project1\main.cpp(1416,39): warning C4267: '=': conversion from 'size_t' to 'int', possible loss of data
C:\Users\horri\source\repos\Project1\Project1\main.cpp(1427,39): warning C4267: '=': conversion from 'size_t' to 'int', possible loss of data
C:\Users\horri\source\repos\Project1\Project1\main.cpp(1448,35): warning C4267: '=': conversion from 'size_t' to 'int', possible loss of data
C:\Users\horri\source\repos\Project1\Project1\main.cpp(1468,39): warning C4267: '=': conversion from 'size_t' to 'int', possible loss of data
C:\Users\horri\source\repos\Project1\Project1\main.cpp(1522,17): warning C4244: 'argument': conversion from 'int' to 'float', possible loss of data
C:\Users\horri\source\repos\Project1\Project1\main.cpp(1718,47): warning C4267: '=': conversion from 'size_t' to 'int', possible loss of data
C:\Users\horri\source\repos\Project1\Project1\main.cpp(2037,25): warning C4477: 'sprintf_s' : format string '%llu' requires an argument of type 'unsigned __int64', but variadic argument 3 has type 'DWORD'
      C:\Users\horri\source\repos\Project1\Project1\main.cpp(2037,25):
      consider using '%lu' in the format string
  
  Generating code
  86 of 2566 functions ( 3.4%) were compiled, the rest were copied from previous compilation.
    9 functions were new in current compilation
    47 functions had inline decision re-evaluated but remain unchanged
  Finished generating code
  Project1.vcxproj -> C:\Users\horri\source\repos\Project1\x64\Release\Project1.exe
